\o Program:		@(#)$CDS: libManager version 6.1.7 - CAT35 10/18/2015 00:06 (sjfnl678) $
\o Sub version:		sub-version  p009 
\o Arguments:		-unmapped -mpssession virtuoso1483 -mpshost berkeley 
\o Working Directory:	berkeley:/home/cadence/IC2_Mini_biquad
\o 64-bit offsets
\o Qt version: 		4.8.5
\o changeWorkingDir("/home/cadence/IC2_Mini_biquad") unnecessary.
\o ddSetForcedLib("") unnecessary.
\o Log file is "/home/cadence/IC2_Mini_biquad/libManager.log".
\o Opening libManager window.
\a nrSetWindowVisibility(cdsLibManager "show")
\o MPS service: map window
\a nrSetCurrentWindow(cdsLibManager)
\o Library Manager customization server connected.
\a nrResizeWindow(cdsLibManager list(12 379 1892 321))
\a nrResizeWindow(cdsLibManager list(963 553 941 491))
\a nrResizeWindow(cdsLibManager list(12 379 1892 321))
\a nrSetCurrentWindow(cdsLibManager)
\a nrResizeWindow(cdsLibManager list(12 36 941 1008))
\a nrResizeWindow(cdsLibManager list(12 732 1892 312))
\a nrResizeWindow(cdsLibManager list(963 36 941 1008))
\a nrResizeWindow(cdsLibManager list(963 556 941 488))
\a nrSetCurrentWindow(cdsLibManager)
\a nrSetCurrentWindow(cdsLibManager)
\a nrSetCurrentWindow(cdsLibManager)
\a cdsLibManager->libListBox->value = "rfExamples"
\a cdsLibManager->libListBox->value = "folded_cascode"
\a cdsLibManager->libLineEdit->value = "folded_cascode"
\a cdsLibManager->cellListBox->value = "Folded_cascode_full_circuit"
\a cdsLibManager->cellListBox->value = "Closed_Loop_TB"
\a cdsLibManager->viewListBox->value = "schematic"
\a cdsLibManager->viewLineEdit->value = "schematic"
\a cdsLibManager->cellListBox->value = "Opamp_Bias"
\a cdsLibManager->viewLineEdit->value = ""
\a cdsLibManager->viewListBox->value = nil
\a cdsLibManager->viewListBox->value = "schematic"
\a cdsLibManager->viewLineEdit->value = "schematic"
\a cdsLibManager->cellListBox->value = nil
\a cdsLibManager->viewLineEdit->value = ""
\a cdsLibManager->viewListBox->value = nil
\a nrListItemAction(cdsLibManager->cellListBox 2 0)
\a cdsLibManager->cellListBox->value = "Opamp_Bias"
\a cdsLibManager->viewListBox->value = "schematic"
\a cdsLibManager->viewLineEdit->value = "schematic"
\a cdsLibManager->viewLineEdit->value = ""
\a cdsLibManager->viewListBox->value = nil
\o MPS request: edit design
\a cdsLibManager->libListBox->value = nil
\a cdsLibManager->cellListBox->value = nil
\a cdsLibManager->libLineEdit->value = ""
\a cdsLibManager->libListBox->value = "folded_cascode"
\a cdsLibManager->libLineEdit->value = "folded_cascode"
\a cdsLibManager->cellListBox->value = "Opamp_Bias"
\a cdsLibManager->viewListBox->value = "schematic"
\a cdsLibManager->viewLineEdit->value = "schematic"
\a cdsLibManager->viewLineEdit->value = ""
\a cdsLibManager->viewListBox->value = nil
\a cdsLibManager->viewListBox->value = "schematic"
\a cdsLibManager->viewLineEdit->value = "schematic"
\a cdsLibManager->cellLineEdit->value = "Opamp_Bias"
\a nrSetCurrentWindow(cdsLibManager)
\a nrSetCurrentWindow(cdsLibManager)
\a nrResizeWindow(cdsLibManager list(643 556 630 488))
\a nrSetCurrentWindow(cdsLibManager)
\a nrResizeWindow(cdsLibManager list(963 556 941 488))
\a nrSetCurrentWindow(cdsLibManager)
\a nrResizeWindow(cdsLibManager list(963 553 941 491))
\a cdsLibManager->libListBox->value = nil
\a cdsLibManager->cellListBox->value = nil
\a cdsLibManager->viewLineEdit->value = ""
\a cdsLibManager->viewListBox->value = nil
\a cdsLibManager->cellLineEdit->value = ""
\a cdsLibManager->libLineEdit->value = ""
\a cdsLibManager->libListBox->value = "folded_cascode"
\a cdsLibManager->libLineEdit->value = "folded_cascode"
\a cdsLibManager->cellListBox->value = "Opamp_Bias"
\a cdsLibManager->cellLineEdit->value = "Opamp_Bias"
\a cdsLibManager->viewListBox->value = "schematic"
\a cdsLibManager->viewLineEdit->value = "schematic"
\a cdsLibManager->viewLineEdit->value = ""
\a cdsLibManager->viewListBox->value = nil
\a cdsLibManager->viewListBox->value = "schematic"
\a cdsLibManager->viewLineEdit->value = "schematic"
\a nrSetCurrentWindow(cdsLibManager)
\a nrResizeWindow(cdsLibManager list(480 148 956 784))
\a cdsLibManager->cellListBox->value = "Folded_cascode_full_circuit"
\a cdsLibManager->viewLineEdit->value = ""
\a cdsLibManager->viewListBox->value = nil
\a cdsLibManager->viewListBox->value = "schematic"
\a cdsLibManager->viewLineEdit->value = "schematic"
\a cdsLibManager->cellListBox->value = "Closed_Loop_TB"
\a cdsLibManager->viewLineEdit->value = ""
\a cdsLibManager->viewListBox->value = nil
\a cdsLibManager->viewListBox->value = "schematic"
\a cdsLibManager->viewLineEdit->value = "schematic"
\a cdsLibManager->cellLineEdit->value = "Closed_Loop_TB"
\a cdsLibManager->viewListBox->value = "constraint"
\a cdsLibManager->viewLineEdit->value = "constraint"
\a lmgrLogShowPopup("mainListPopup2" 37 8 2 "constraint")
\a cdsLibManager->editPropertiesButton->value = t
\o MPS request: edit property
\a nrSetCurrentWindow(cdsLibManager)
\a lmgrLogShowPopup("mainListPopup2" 140 11 2 "cadence@berkeley.localdomain")
\a nrSetCurrentWindow(cdsLibManager)
\a nrSetCurrentWindow(cdsLibManager)
\a nrSetCurrentWindow(cdsLibManager)
\a nrSetCurrentWindow(cdsLibManager)
\a cdsLibManager->cellListBox->value = "Folded_cascode_full_circuit"
\a cdsLibManager->viewLineEdit->value = ""
\a cdsLibManager->viewListBox->value = nil
\a cdsLibManager->viewListBox->value = "constraint"
\a cdsLibManager->viewLineEdit->value = "constraint"
\a cdsLibManager->cellListBox->value = "Closed_Loop_TB"
\a cdsLibManager->viewLineEdit->value = ""
\a cdsLibManager->viewListBox->value = nil
\a cdsLibManager->viewListBox->value = "constraint"
\a cdsLibManager->viewLineEdit->value = "constraint"
\a cdsLibManager->cellLineEdit->value = "Closed_Loop_TB"
\a nrSetCurrentWindow(cdsLibManager)
\a cdsLibManager->cellListBox->value = "Folded_cascode_full_circuit"
\a cdsLibManager->viewLineEdit->value = ""
\a cdsLibManager->viewListBox->value = nil
\a cdsLibManager->viewListBox->value = "constraint"
\a cdsLibManager->viewLineEdit->value = "constraint"
\a cdsLibManager->cellListBox->value = "Closed_Loop_TB"
\a cdsLibManager->viewLineEdit->value = ""
\a cdsLibManager->viewListBox->value = nil
\a cdsLibManager->viewListBox->value = "constraint"
\a cdsLibManager->viewLineEdit->value = "constraint"
\a cdsLibManager->cellLineEdit->value = "Closed_Loop_TB"
\a cdsLibManager->viewListBox->value = "schematic"
\a cdsLibManager->viewLineEdit->value = "schematic"
\o MPS request: edit design
\a nrListItemAction(cdsLibManager->gdmXTView 1 0)
\a nrSetCurrentWindow(cdsLibManager)
\a nrResizeWindow(cdsLibManager list(-126 157 956 784))
\a nrSetCurrentWindow(cdsLibManager)
\a cdsLibManager->cellListBox->value = "Folded_cascode_full_circuit"
\a cdsLibManager->viewLineEdit->value = ""
\a cdsLibManager->viewListBox->value = nil
\a cdsLibManager->viewListBox->value = "schematic"
\a cdsLibManager->viewLineEdit->value = "schematic"
\a cdsLibManager->cellListBox->value = nil
\a cdsLibManager->viewLineEdit->value = ""
\a cdsLibManager->viewListBox->value = nil
\a cdsLibManager->cellListBox->value = "Closed_Loop_TB"
\a cdsLibManager->viewListBox->value = "schematic"
\a cdsLibManager->viewLineEdit->value = "schematic"
\a cdsLibManager->cellLineEdit->value = "Closed_Loop_TB"
\a nrSetCurrentWindow(cdsLibManager)
\a cdsLibManager->libListBox->value = nil
\a cdsLibManager->cellListBox->value = nil
\a cdsLibManager->viewLineEdit->value = ""
\a cdsLibManager->viewListBox->value = nil
\a cdsLibManager->cellLineEdit->value = ""
\a cdsLibManager->libLineEdit->value = ""
\a cdsLibManager->libListBox->value = "folded_cascode"
\a cdsLibManager->libLineEdit->value = "folded_cascode"
\a cdsLibManager->cellListBox->value = "Closed_Loop_TB"
\a cdsLibManager->cellLineEdit->value = "Closed_Loop_TB"
\a cdsLibManager->viewListBox->value = "schematic"
\a cdsLibManager->viewLineEdit->value = "schematic"
\a cdsLibManager->viewLineEdit->value = ""
\a cdsLibManager->viewListBox->value = nil
\a cdsLibManager->viewListBox->value = "schematic"
\a cdsLibManager->viewLineEdit->value = "schematic"
\a cdsLibManager->libListBox->value = nil
\a cdsLibManager->cellListBox->value = nil
\a cdsLibManager->viewLineEdit->value = ""
\a cdsLibManager->viewListBox->value = nil
\a cdsLibManager->cellLineEdit->value = ""
\a cdsLibManager->libLineEdit->value = ""
\a cdsLibManager->libListBox->value = "folded_cascode"
\a cdsLibManager->libLineEdit->value = "folded_cascode"
\a cdsLibManager->cellListBox->value = "Closed_Loop_TB"
\a cdsLibManager->cellLineEdit->value = "Closed_Loop_TB"
\a cdsLibManager->viewListBox->value = "schematic"
\a cdsLibManager->viewLineEdit->value = "schematic"
\a cdsLibManager->viewLineEdit->value = ""
\a cdsLibManager->viewListBox->value = nil
\a cdsLibManager->viewListBox->value = "schematic"
\a cdsLibManager->viewLineEdit->value = "schematic"
\a nrSetCurrentWindow(cdsLibManager)
\a cdsLibManager->cellListBox->value = "Folded_cascode_full_circuit"
\a cdsLibManager->viewLineEdit->value = ""
\a cdsLibManager->viewListBox->value = nil
\a cdsLibManager->viewListBox->value = "schematic"
\a cdsLibManager->viewLineEdit->value = "schematic"
\a cdsLibManager->cellLineEdit->value = "Folded_cascode_full_circuit"
\a cdsLibManager->viewListBox->value = "constraint"
\a cdsLibManager->viewLineEdit->value = "constraint"
\a lmgrLogShowPopup("mainListPopup2" 146 17 2 "cadence@berkeley.localdomain")
\a nrSetCurrentWindow(cdsLibManager)
\a cdsLibManager->cellListBox->value = nil
\a cdsLibManager->viewLineEdit->value = ""
\a cdsLibManager->viewListBox->value = nil
\a cdsLibManager->cellListBox->value = "Folded_cascode_full_circuit"
\a cdsLibManager->viewListBox->value = "constraint"
\a cdsLibManager->viewLineEdit->value = "constraint"
\a nrListItemAction(cdsLibManager->cellListBox 2 0)
\a cdsLibManager->viewLineEdit->value = ""
\a cdsLibManager->viewListBox->value = nil
\o MPS request: edit design
\a cdsLibManager->cellLineEdit->value = "Folded_cascode_full_circuit"
\a nrSetCurrentWindow(cdsLibManager)
\a cdsLibManager->viewListBox->value = "schematic"
\a cdsLibManager->viewLineEdit->value = "schematic"
\o MPS request: edit design
\a nrListItemAction(cdsLibManager->gdmXTView 2 0)
\a nrSetCurrentWindow(cdsLibManager)
\a nrSetCurrentWindow(cdsLibManager)
\o MPS service: shutdown
\o libManager is exiting.
\a nrSetWindowVisibility(cdsLibManager "hide")
\a exit(0)
