*Info*    Exporting services from client ... 

*Info*    Client has finished starting ... 



*Info*    Configuring the session ...

	Library      = folded_cascode
	Cell         = Folded_cascode_full_circuit
	View         = schematic
	Simulator    = spectre
	State Path   = $AXL_SETUPDB_DIR/test_states
	State Name   = folded_cascode:Folded_cascode_full_circuit:1_none_Interactive.7
	Results DB   = /home/cadence/IC2_Mini_biquad/folded_cascode/Folded_cascode_full_circuit/adexl/results/data/Interactive.7.rdb
	Results Dir  = /home/cadence/simulation/folded_cascode/Folded_cascode_full_circuit/adexl/results/data/Interactive.7/1/folded_cascode:Folded_cascode_full_circuit:1
	Results Loc  = /home/cadence/simulation/folded_cascode/Folded_cascode_full_circuit/adexl/results/data
	Project Dir  = /home/cadence/simulation
	Setup DB loc = /home/cadence/IC2_Mini_biquad/folded_cascode/Folded_cascode_full_circuit/adexl
	File Encoding = 0


*Info*    Spectre controlMode is set "batch".






*Info*    Run start for Point ID (7 1) on testbench [
          folded_cascode:Folded_cascode_full_circuit:1 ].

Resetting statistical vars

*Info*    Setting parameter values ...

Setting var ISS = "150u"
Setting var L_CM = "500n"
Setting var L_cascN = "500n"
Setting var L_cascp = "400n"
Setting var L_fold = "400n"
Setting var L_in = "500n"
Setting var VDD_AC = "0"
Setting var VDIFF_AC = "1"
Setting var VDIFF_DC = "0"
Setting var VINCM_AC = "0"
Setting var VINCM_DC = "1.65"
Setting var Vb1 = "2.54"
Setting var Vb2 = "1.94"
Setting var Vb3 = "1.35"
Setting var W_CM = "1.25u"
Setting var W_cascN = "10.15u"
Setting var W_cascp = "10u"
Setting var W_fold = "28.36u"
Setting var W_in = "46.275u"
Setting temp(T) = 27

*Info*    Netlist Directory =
          /home/cadence/simulation/folded_cascode/Folded_cascode_full_circuit/adexl/results/data/Interactive.7/1/folded_cascode:Folded_cascode_full_circuit:1/netlist


*Info*    Data Directory    =
          /home/cadence/simulation/folded_cascode/Folded_cascode_full_circuit/adexl/results/data/Interactive.7/1/folded_cascode:Folded_cascode_full_circuit:1


*Info*    Creating Netlist for Point ID (7 1)

generate netlist...
Begin Incremental Netlisting Apr 25 15:20:30 2025
End netlisting Apr 25 15:20:30 2025

	The netlist is up to date.
	Time taken to compare the design with netlist:   0.0s
      ...successful.
compose simulator input file...
      ...successful.

*Info*    Running simulation on testbench [
          folded_cascode:Folded_cascode_full_circuit:1 ] for Point ID
          (7 1).

Delete psf data in /home/cadence/simulation/folded_cascode/Folded_cascode_full_circuit/adexl/results/data/Interactive.7/1/folded_cascode:Folded_cascode_full_circuit:1/psf.
compose simulator input file...
      ...successful.
start simulator if needed...
      ...successful.
simulate...
To view the simulator output, right-click on the test name, result 
name, or any value in the "Results" tab of the Outputs section and 
choose "Output Log" menu option.
INFO (ADE-3071): Simulation completed successfully.
reading simulation data...
      ...successful.
*Info*    Client has finished evaluating ... 


*Info*    Run complete for Point ID (7 1) on testbench [
          folded_cascode:Folded_cascode_full_circuit:1 ].





Simulation design variables differ from those on the cellView,
they have been saved in the file "/tmp/saved-design-variables".
To save future changes, copy variables to cellView before exiting.
