\# Program start time UTC 2025.04.29 11:50:33.882
\# Local time Tuesday 29 April 2025, 7:50 am
\o Program:		@(#)$CDS: virtuoso version 6.1.7-64b 11/09/2015 12:45 (sjfnl165) $
\o Hierarchy:		/usr/local/cadence/IC617/tools.lnx86/dfII/
\o Sub version:		sub-version  IC6.1.7-64b.78  (64-bit addresses)
\# Command line:	/usr/local/cadence/IC617/tools.lnx86/dfII/bin/64bit/virtuoso -noautostart -mpssession virtuoso1626 -mpshost berkeley -davinciService DaVinciService_1626_1745924772 -log /home/cadence/IC2_Mini_biquad/logs_cadence/logs0/Job17.log -licenseLockFileName /home/cadence/IC2_Mini_biquad/.tmp_cadence/.berkeley_1626 -nograph -nostdin -axlChildIdFlag 17
\# Host name (type):	berkeley (x86_64)
\# Operating system:	Linux 3.16.0-6-amd64 #1 SMP Debian 3.16.56-1+deb8u1 (2018-05-08)
\# Linux /etc/issue:	Debian GNU/Linux 8 \n \l
\# X display name (WxH):	berkeley:80 (1024x868)
\# Available geometry:			TL(0:0) BR(1023:867)
\# X server:			RealVNC Ltd (VNC nograph server, PID 3875)
\# Depth of Visual (Root):	16 (16)
\# Number of Planes Used:	16
\# X version:		11.0 (vendor release 3370)
\# X resource pool:	base 0x800000, mask 0x3fffff (4194303), shift 0
\# 			current id 0x0, current max 0x3ffffa (4194298)
\# Max data seg size:	     unlimited
\# Max process size:	     unlimited
\# Initial sbrk value:	        379 MB
\# Available memory:	      4,750 MB
\# System memory:	      6,101 MB
\# Maximum memory size:	      5,802 MB
\# Max mem available:	      4,830 MB
\# Initial memory used:	         80 MB
\#        process size:	        890 MB
\# Qt version:		4.8.5
\# Window Manager:	other
\# User Name:		cadence
\o Working Directory:	berkeley:/home/cadence/IC2_Mini_biquad
\# Process Id:		3885
\o 
\o COPYRIGHT © 1992-2015  CADENCE DESIGN SYSTEMS INC.  ALL RIGHTS RESERVED.
\o           © 1992-2015  UNIX SYSTEMS Laboratories INC.,
\o                          Reproduced with permission.
\o 
\o This Cadence Design Systems program and online documentation are
\o proprietary/confidential information and may be disclosed/used only
\o as authorized in a license agreement controlling such use and disclosure.
\o 
\o           RESTRICTED RIGHTS NOTICE (SHORT FORM)
\o Use/reproduction/disclosure is subject to restriction
\o set forth at FAR 1252.227-19 or its equivalent.
\o Loading geView.cxt 
\o Loading menuBuilder.cxt 
\o Loading schView.cxt 
\o Loading selectSv.cxt 
\o Loading wireEdit.cxt 
\o Loading pte2.cxt 
\o Loading xlUI.cxt 
\o Loading auCore.cxt 
\o Loading vhdl.cxt 
\o Loading seismic.cxt 
\o Loading ci.cxt 
\o Loading ams.cxt 
\o Loading oasis.cxt 
\o Loading analog.cxt 
\o Loading asimenv.cxt 
\o Loading socket.cxt 
\o Loading dal.cxt 
\o Loading awv.cxt 
\o Loading par.cxt 
\o Loading alvs.cxt 
\o Loading caa.cxt 
\o Loading adexl.cxt 
\o *Info*    Exporting services from client ... 
\o 
\# Memory report: using         192 MB, process size 1,135 MB at UTC 2025.04.29 11:50:36.061
\o *Info*    Client has finished starting ... 
\o 
\p > 
\a _treeSetOpcGUI(t)
\r t
\o 
\o 
\o *Info*    Configuring the session ...
\o 
\o 	Library      = folded_cascode
\o 	Cell         = Folded_cascode_full_circuit
\o 	View         = schematic
\o 	Simulator    = spectre
\o 	State Path   = $AXL_SETUPDB_DIR/test_states
\o 	State Name   = folded_cascode:Folded_cascode_full_circuit:1_none_Interactive.69
\o 	Results DB   = /home/cadence/IC2_Mini_biquad/folded_cascode/Folded_cascode_full_circuit/adexl/results/data/Interactive.69.rdb
\o 	Results Dir  = /home/cadence/simulation/folded_cascode/Folded_cascode_full_circuit/adexl/results/data/Interactive.69/1/folded_cascode:Folded_cascode_full_circuit:1
\o 	Results Loc  = /home/cadence/simulation/folded_cascode/Folded_cascode_full_circuit/adexl/results/data
\o 	Project Dir  = /home/cadence/simulation
\o 	Setup DB loc = /home/cadence/IC2_Mini_biquad/folded_cascode/Folded_cascode_full_circuit/adexl
\o 	File Encoding = 0
\o 
\o 
\o Loading simui.cxt 
\o Loading viva.cxt 
\o *Info*    Spectre controlMode is set "batch".
\o 
\o Loading spectrei.cxt 
\o Loading devCheck.cxt 
\o Loading relXpert.cxt 
\o Initializing from libInit.il for library tsmcN65...
\o    --  /home/cadence/tsmc65nm/tsmcN65/../skill/pcode1.cxt
\o    --  /home/cadence/tsmc65nm/tsmcN65/../skill/pcode2.cxt
\o    --  tsmcPdkParamTable.il
\o    --  tsmcN65_updateCDFs.il
\o    --  tsmc_esti.ile
\o    --  /home/cadence/tsmc65nm/tsmcN65/../skill/tsmcN65gp_v1d0c.cxt
\o    --  /home/cadence/tsmc65nm/tsmcN65/../skill/tsmcN65_newAMS.cxt
\o    --  /home/cadence/tsmc65nm/tsmcN65/../skill/tsmcN65_newRTMOM.cxt
\o    --  /home/cadence/tsmc65nm/tsmcN65/../skill/tsmcN65GP_v1d0.cxt
\o    --  tif_tcf_crn65gp_v1.0a.cxt
\o    --  tsmcN65Tool.cxt
\# Memory report: using         317 MB, process size 1,259 MB at UTC 2025.04.29 11:50:38.057
\o    --  tsmcN65.cxt
\o    --  /home/cadence/tsmc65nm/tsmcN65/../skill/tsmcN65GP_v1d0.cxt
\w *WARNING* (loadContext): context //home/cadence/tsmc65nm/tsmcN65/../skill/64bit/tsmcN65GP_v1d0.cxt already loaded
\o    --  /home/cadence/tsmc65nm/tsmcN65/../skill/tsmcN65_newRTMOM.cxt
\w *WARNING* (loadContext): context //home/cadence/tsmc65nm/tsmcN65/../skill/64bit/tsmcN65_newRTMOM.cxt already loaded
\o    --  /home/cadence/tsmc65nm/tsmcN65/../skill/tsmcN65_newAMS.cxt
\w *WARNING* (loadContext): context //home/cadence/tsmc65nm/tsmcN65/../skill/64bit/tsmcN65_newAMS.cxt already loaded
\o Loading PDK Display File '/home/cadence/tsmc65nm/tsmcN65/../display.drf'
\o Loading hspiceD.cxt 
\o Loading spectreinl.cxt 
\o Loading msgHandler.cxt 
\o Loading UltraSim.cxt 
\o Loading AMSOSS.cxt 
\o Loading AMS.cxt 
\o WARNING (ADE-5033): Cannot find the environment variable 'sweeptype' for tool 'ams.hbsp'.
\o         Its internal default value will be used.
\o WARNING (ADE-5034): Unable to access the default environment variables in the simulator's
\o         global .cdsenv file ('<your_install_dir>/tools/dfII/etc/tools/ams/.cdsenv')
\o         because the file is missing or out-of-date. Till this problem exists, internal
\o         default values will be used for these environment variables during this session.
\o WARNING (ADE-5033): Cannot find the environment variable 'rangeType' for tool 'ams.hbsp'.
\o         Its internal default value will be used.
\o WARNING (ADE-5033): Cannot find the environment variable 'noisetypeUI' for tool 'ams.hbnoise'.
\o         Its internal default value will be used.
\o WARNING (ADE-5033): Cannot find the environment variable 'MultiEna' for tool 'ams.hbnoise'.
\o         Its internal default value will be used.
\o WARNING (ADE-5033): Cannot find the environment variable 'rangeType' for tool 'ams.hbnoise'.
\o         Its internal default value will be used.
\o WARNING (ADE-5033): Cannot find the environment variable 'sbsm' for tool 'ams.hbnoise'.
\o         Its internal default value will be used.
\o WARNING (ADE-5033): Cannot find the environment variable 'outType' for tool 'ams.hbnoise'.
\o         Its internal default value will be used.
\o WARNING (ADE-5033): Cannot find the environment variable 'inType' for tool 'ams.hbnoise'.
\o         Its internal default value will be used.
\o WARNING (ADE-5033): Cannot find the environment variable 'refsbSelect' for tool 'ams.hbnoise'.
\o         Its internal default value will be used.
\o WARNING (ADE-5033): Cannot find the environment variable 'donoise' for tool 'ams.hbnoise'.
\o         Its internal default value will be used.
\o WARNING (ADE-5033): Cannot find the environment variable 'special' for tool 'ams.hbac'.
\o         Its internal default value will be used.
\o WARNING (ADE-5033): Cannot find the environment variable 'rangeType' for tool 'ams.hbac'.
\o         Its internal default value will be used.
\o WARNING (ADE-5033): Cannot find the environment variable 'sbsm' for tool 'ams.hbac'.
\o         Its internal default value will be used.
\o WARNING (ADE-5033): Cannot find the environment variable 'dynParamB' for tool 'ams.hb'.
\o         Its internal default value will be used.
\o WARNING (ADE-5033): Cannot find the environment variable 'tones' for tool 'ams.hb'.
\o         Its internal default value will be used.
\o WARNING (ADE-5033): Cannot find the environment variable 'oscana' for tool 'ams.hb'.
\o         Its internal default value will be used.
\o WARNING (ADE-5033): Cannot find the environment variable 'HBTonesNum' for tool 'ams.hb'.
\o         Its internal default value will be used.
\o WARNING (ADE-5033): Cannot find the environment variable 'multiDividerMode' for tool 'ams.hb'.
\o         Its internal default value will be used.
\o WARNING (ADE-5033): Cannot find the environment variable 'harmonicsCyc' for tool 'ams.hb'.
\o         Its internal default value will be used.
\o WARNING (ADE-5033): Cannot find the environment variable 'harmonics' for tool 'ams.hb'.
\o         Its internal default value will be used.
\o WARNING (ADE-5033): Cannot find the environment variable 'sigpartB' for tool 'ams.hb'.
\o         Its internal default value will be used.
\o WARNING (ADE-5033): Cannot find the environment variable 'hbhomotopy' for tool 'ams.hb'.
\o         Its internal default value will be used.
\o WARNING (ADE-5033): Cannot find the environment variable 'sweepB' for tool 'ams.hb'.
\o         Its internal default value will be used.
\o WARNING (ADE-5033): Cannot find the environment variable 'sweep' for tool 'ams.hb'.
\o         Its internal default value will be used.
\o WARNING (ADE-5033): Cannot find the environment variable 'sweep2' for tool 'ams.hb'.
\o         Its internal default value will be used.
\o WARNING (ADE-5033): Cannot find the environment variable 'sweep3' for tool 'ams.hb'.
\o         Its internal default value will be used.
\o WARNING (ADE-5033): Cannot find the environment variable 'loadpullB' for tool 'ams.hb'.
\o         Its internal default value will be used.
\o WARNING (ADE-5033): Cannot find the environment variable 'lsspB' for tool 'ams.hb'.
\o         Its internal default value will be used.
\o WARNING (ADE-5033): Cannot find the environment variable 'compressionB' for tool 'ams.hb'.
\o         Its internal default value will be used.
\o WARNING (ADE-5033): Cannot find the environment variable 'sweeptype' for tool 'ams.qpsp'.
\o         Its internal default value will be used.
\o WARNING (ADE-5033): Cannot find the environment variable 'rangeType' for tool 'ams.qpsp'.
\o         Its internal default value will be used.
\o WARNING (ADE-5033): Cannot find the environment variable 'rangeType' for tool 'ams.qpxf'.
\o         Its internal default value will be used.
\o WARNING (ADE-5033): Cannot find the environment variable 'sbsm' for tool 'ams.qpxf'.
\o         Its internal default value will be used.
\o WARNING (ADE-5033): Cannot find the environment variable 'outType' for tool 'ams.qpxf'.
\o         Its internal default value will be used.
\o WARNING (ADE-5033): Cannot find the environment variable 'MultiEna' for tool 'ams.qpnoise'.
\o         Its internal default value will be used.
\o WARNING (ADE-5033): Cannot find the environment variable 'rangeType' for tool 'ams.qpnoise'.
\o         Its internal default value will be used.
\o WARNING (ADE-5033): Cannot find the environment variable 'sbsm' for tool 'ams.qpnoise'.
\o         Its internal default value will be used.
\o WARNING (ADE-5033): Cannot find the environment variable 'outType' for tool 'ams.qpnoise'.
\o         Its internal default value will be used.
\o WARNING (ADE-5033): Cannot find the environment variable 'inType' for tool 'ams.qpnoise'.
\o         Its internal default value will be used.
\o WARNING (ADE-5033): Cannot find the environment variable 'refsbSelect' for tool 'ams.qpnoise'.
\o         Its internal default value will be used.
\o WARNING (ADE-5033): Cannot find the environment variable 'rangeType' for tool 'ams.qpac'.
\o         Its internal default value will be used.
\o WARNING (ADE-5033): Cannot find the environment variable 'sbsm' for tool 'ams.qpac'.
\o         Its internal default value will be used.
\o WARNING (ADE-5033): Cannot find the environment variable 'sweeptype' for tool 'ams.psp'.
\o         Its internal default value will be used.
\o WARNING (ADE-5033): Cannot find the environment variable 'rangeType' for tool 'ams.psp'.
\o         Its internal default value will be used.
\o WARNING (ADE-5033): Cannot find the environment variable 'special' for tool 'ams.pxf'.
\o         Its internal default value will be used.
\o WARNING (ADE-5033): Cannot find the environment variable 'outType' for tool 'ams.pxf'.
\o         Its internal default value will be used.
\o WARNING (ADE-5033): Cannot find the environment variable 'rangeType' for tool 'ams.pxf'.
\o         Its internal default value will be used.
\o WARNING (ADE-5033): Cannot find the environment variable 'harmonics' for tool 'ams.pxf'.
\o         Its internal default value will be used.
\o WARNING (ADE-5033): Cannot find the environment variable 'noisetypeUI' for tool 'ams.pnoise'.
\o         Its internal default value will be used.
\o WARNING (ADE-5033): Cannot find the environment variable 'MultiEna' for tool 'ams.pnoise'.
\o         Its internal default value will be used.
\o WARNING (ADE-5033): Cannot find the environment variable 'rangeType' for tool 'ams.pnoise'.
\o         Its internal default value will be used.
\o WARNING (ADE-5033): Cannot find the environment variable 'harmonics' for tool 'ams.pnoise'.
\o         Its internal default value will be used.
\o WARNING (ADE-5033): Cannot find the environment variable 'pnoisemethod' for tool 'ams.pnoise'.
\o         Its internal default value will be used.
\o WARNING (ADE-5033): Cannot find the environment variable 'outType' for tool 'ams.pnoise'.
\o         Its internal default value will be used.
\o WARNING (ADE-5033): Cannot find the environment variable 'inType' for tool 'ams.pnoise'.
\o         Its internal default value will be used.
\o WARNING (ADE-5033): Cannot find the environment variable 'refsbSelect' for tool 'ams.pnoise'.
\o         Its internal default value will be used.
\o WARNING (ADE-5033): Cannot find the environment variable 'rangeType' for tool 'ams.pstb'.
\o         Its internal default value will be used.
\o WARNING (ADE-5033): Cannot find the environment variable 'special' for tool 'ams.pac'.
\o         Its internal default value will be used.
\o WARNING (ADE-5033): Cannot find the environment variable 'rangeType' for tool 'ams.pac'.
\o         Its internal default value will be used.
\o WARNING (ADE-5033): Cannot find the environment variable 'harmonics' for tool 'ams.pac'.
\o         Its internal default value will be used.
\o WARNING (ADE-5033): Cannot find the environment variable 'engine' for tool 'ams.pss'.
\o         Its internal default value will be used.
\o WARNING (ADE-5033): Cannot find the environment variable 'harmonics' for tool 'ams.pss'.
\o         Its internal default value will be used.
\o WARNING (ADE-5033): Cannot find the environment variable 'hbhomotopy' for tool 'ams.pss'.
\o         Its internal default value will be used.
\o WARNING (ADE-5033): Cannot find the environment variable 'dynParamB' for tool 'ams.pss'.
\o         Its internal default value will be used.
\o WARNING (ADE-5033): Cannot find the environment variable 'oscana' for tool 'ams.pss'.
\o         Its internal default value will be used.
\o WARNING (ADE-5033): Cannot find the environment variable 'sweepB' for tool 'ams.pss'.
\o         Its internal default value will be used.
\o WARNING (ADE-5033): Cannot find the environment variable 'sweep' for tool 'ams.pss'.
\o         Its internal default value will be used.
\o WARNING (ADE-5033): Cannot find the environment variable 'sweep2' for tool 'ams.pss'.
\o         Its internal default value will be used.
\o WARNING (ADE-5033): Cannot find the environment variable 'sweep3' for tool 'ams.pss'.
\o         Its internal default value will be used.
\o WARNING (ADE-5033): Cannot find the environment variable 'loadpullB' for tool 'ams.pss'.
\o         Its internal default value will be used.
\o WARNING (ADE-5033): Cannot find the environment variable 'sweep' for tool 'ams.sp'.
\o         Its internal default value will be used.
\o WARNING (ADE-5033): Cannot find the environment variable 'rangeType' for tool 'ams.sp'.
\o         Its internal default value will be used.
\o WARNING (ADE-5033): Cannot find the environment variable 'donoise' for tool 'ams.sp'.
\o         Its internal default value will be used.
\o WARNING (ADE-5033): Cannot find the environment variable 'sweep' for tool 'ams.xf'.
\o         Its internal default value will be used.
\o WARNING (ADE-5033): Cannot find the environment variable 'rangeType' for tool 'ams.xf'.
\o         Its internal default value will be used.
\o WARNING (ADE-5033): Cannot find the environment variable 'outType' for tool 'ams.xf'.
\o         Its internal default value will be used.
\o WARNING (ADE-5033): Cannot find the environment variable 'sweep' for tool 'ams.dc'.
\o         Its internal default value will be used.
\o WARNING (ADE-5033): Cannot find the environment variable 'sweep' for tool 'ams.stb'.
\o         Its internal default value will be used.
\o WARNING (ADE-5033): Cannot find the environment variable 'rangeType' for tool 'ams.stb'.
\o         Its internal default value will be used.
\o WARNING (ADE-5033): Cannot find the environment variable 'method' for tool 'ams.dcmatch'.
\o         Its internal default value will be used.
\o WARNING (ADE-5033): Cannot find the environment variable 'outType' for tool 'ams.dcmatch'.
\o         Its internal default value will be used.
\o WARNING (ADE-5033): Cannot find the environment variable 'sweep' for tool 'ams.dcmatch'.
\o         Its internal default value will be used.
\o WARNING (ADE-5033): Cannot find the environment variable 'outType' for tool 'ams.pz'.
\o         Its internal default value will be used.
\o WARNING (ADE-5033): Cannot find the environment variable 'inType' for tool 'ams.pz'.
\o         Its internal default value will be used.
\o WARNING (ADE-5033): Cannot find the environment variable 'sweep' for tool 'ams.pz'.
\o         Its internal default value will be used.
\o 
\o 
\o 
\o 
\o 
\o *Info*    Run start for Point ID (8 1) on testbench [
\o           folded_cascode:Folded_cascode_full_circuit:1 ].
\o 
\o Resetting statistical vars
\o 
\o *Info*    Setting parameter values ...
\o 
\o Setting var ISS = "130u"
\o Setting var LB_CM1 = "400n"
\o Setting var LB_CM3 = "400n"
\o Setting var LB_VB0 = "1u"
\o Setting var LB_VB2_CASC = "400n"
\o Setting var LB_VB2_CM = "1u"
\o Setting var LB_VB3_CASC = "500n"
\o Setting var LB_VB3_CM = "1u"
\o Setting var L_CM = "500n"
\o Setting var L_CS = "1u"
\o Setting var L_cascN = "500n"
\o Setting var L_cascp = "400n"
\o Setting var L_fold = "400n"
\o Setting var L_in = "500n"
\o Setting var VDD_AC = "0"
\o Setting var VDIFF_AC = "1"
\o Setting var VDIFF_DC = "0"
\o Setting var VINCM_AC = "0"
\o Setting var VINCM_DC = "1.65"
\o Setting var VIN_DC = "1.65"
\o Setting var Vb0 = "650m"
\o Setting var Vb1 = "2.54"
\o Setting var Vb2 = "1.94"
\o Setting var Vb3 = "1.35"
\o Setting var WB_CM1 = "5.9u"
\o Setting var WB_CM2 = "14.35e-6"
\o Setting var WB_CM3 = "14.35e-6"
\o Setting var WB_VB0 = "28.7u"
\o Setting var WB_VB2_CASC = "4.2u"
\o Setting var WB_VB2_CM = "1.21u"
\o Setting var WB_VB3_CASC = "27.61u"
\o Setting var WB_VB3_CM = "1.5u"
\o Setting var W_CM = "1.25u"
\o Setting var W_CS = "110u"
\o Setting var W_cascN = "10.15u"
\o Setting var W_cascp = "10u"
\o Setting var W_fold = "28.36u"
\o Setting var W_in = "60u"
\o Setting temp(T) = 27
\o 
\o *Info*    Netlist Directory =
\o           /home/cadence/simulation/folded_cascode/Folded_cascode_full_circuit/adexl/results/data/Interactive.69/1/folded_cascode:Folded_cascode_full_circuit:1/netlist
\o 
\o 
\o *Info*    Data Directory    =
\o           /home/cadence/simulation/folded_cascode/Folded_cascode_full_circuit/adexl/results/data/Interactive.69/1/folded_cascode:Folded_cascode_full_circuit:1
\o 
\o 
\o *Info*    Creating Netlist for Point ID (8 1)
\o 
\o generate netlist...
\o Loading seCore.cxt 
\o Begin Incremental Netlisting Apr 29 07:50:42 2025
\o INFO (OSSHNL-251): Mismatch found in the direction of terminal 'IB' in the placed master
\o 'folded_cascode/CM_Bias/symbol' and its corresponding terminal in the switch master 'folded_cascode/CM_Bias/schematic',
\o however, this terminal is printed in the netlist because the variable
\o simCheckTermDirectionMismatch is either set to 'ignore' or is not set.
\o 
\o End netlisting Apr 29 07:50:42 2025
\o Loading monte.cxt 
\o 
\o Netlisting Statistics:
\o 	Number of components:   10
\o 
\o 	Elapsed time:          0.0s
\o Errors: 0	Warnings: 0
\o       ...successful.
\o compose simulator input file...
\o       ...successful.
\o 
\o *Info*    Running simulation on testbench [
\o           folded_cascode:Folded_cascode_full_circuit:1 ] for Point ID
\o           (8 1).
\o 
\o Delete psf data in /home/cadence/simulation/folded_cascode/Folded_cascode_full_circuit/adexl/results/data/Interactive.69/1/folded_cascode:Folded_cascode_full_circuit:1/psf.
\o compose simulator input file...
\o       ...successful.
\o start simulator if needed...
\o       ...successful.
\o simulate...
\o To view the simulator output, right-click on the test name, result 
\o name, or any value in the "Results" tab of the Outputs section and 
\o choose "Output Log" menu option.
\o Loading paraplot.cxt 
\# Available memory:          4,706 MB at UTC 2025.04.29 11:50:44.343
\# Memory report: Maximum memory size now 5,064 MB at UTC 2025.04.29 11:50:44.343
\o INFO (ADE-3071): Simulation completed successfully.
\o reading simulation data...
\o       ...successful.
\o *Info*    Client has finished evaluating ... 
\o 
\o WARNING (OCN-6038): Results dc are not available for /home/cadence/simulation/folded_cascode/Folded_cascode_full_circuit/adexl/results/data/Interactive.69/1/folded_cascode:Folded_cascode_full_circuit:1. Use results() for a list of available results.
\o WARNING (OCN-6038): Results dc are not available for /home/cadence/simulation/folded_cascode/Folded_cascode_full_circuit/adexl/results/data/Interactive.69/1/folded_cascode:Folded_cascode_full_circuit:1. Use results() for a list of available results.
\o WARNING (OCN-6038): Results dc are not available for /home/cadence/simulation/folded_cascode/Folded_cascode_full_circuit/adexl/results/data/Interactive.69/1/folded_cascode:Folded_cascode_full_circuit:1. Use results() for a list of available results.
\o WARNING (OCN-6038): Results dc are not available for /home/cadence/simulation/folded_cascode/Folded_cascode_full_circuit/adexl/results/data/Interactive.69/1/folded_cascode:Folded_cascode_full_circuit:1. Use results() for a list of available results.
\e *Error* deriv: can't handle deriv(nil)
\e 
\e 
\e *Error* dB20: can't handle dB20(nil)
\e 
\e 
\e *Error* _waveVsOtherWavesYvec: can't handle _waveVsOtherWavesYvec(nil nil nil nil nil nil)
\e 
\e 
\o ERROR (ADEXL-2709): Evaluation of output 'waveVsWave(?x v("/net1" ?result "dc") ?y dB20(deriv(v("/net1" ?result "dc"))))' returned 'nil' for point:'1' test:'folded_cascode:Folded_cascode_full_circuit:1'
\o 	Expression:'waveVsWave(?x v("/net1" ?result "dc") ?y dB20(deriv(v("/net1" ?result "dc"))))'.
\o Ensure that the definition of output is correct.
\o 
\o 
\o *Info*    Run complete for Point ID (8 1) on testbench [
\o           folded_cascode:Folded_cascode_full_circuit:1 ].
\o 
\o 
\o 
\o 
\o 
\o Simulation design variables differ from those on the cellView,
\o they have been saved in the file "/tmp/saved-design-variables".
\o To save future changes, copy variables to cellView before exiting.
\o 
\o 
\o *Info*    Configuring the session ...
\o 
\o 	Library      = folded_cascode
\o 	Cell         = Closed_Loop_TB
\o 	View         = schematic
\o 	Simulator    = spectre
\o 	State Path   = $AXL_SETUPDB_DIR/test_states
\o 	State Name   = folded_cascode:Closed_Loop_TB:1_none_Interactive.69
\o 	Results DB   = /home/cadence/IC2_Mini_biquad/folded_cascode/Folded_cascode_full_circuit/adexl/results/data/Interactive.69.rdb
\o 	Results Dir  = /home/cadence/simulation/folded_cascode/Folded_cascode_full_circuit/adexl/results/data/Interactive.69/1/folded_cascode:Closed_Loop_TB:1
\o 	Results Loc  = /home/cadence/simulation/folded_cascode/Folded_cascode_full_circuit/adexl/results/data
\o 	Project Dir  = /home/cadence/simulation
\o 	Setup DB loc = /home/cadence/IC2_Mini_biquad/folded_cascode/Folded_cascode_full_circuit/adexl
\o 	File Encoding = 0
\o 
\o 
\o *Info*    Spectre controlMode is set "batch".
\o 
\o 
\o 
\o 
\o 
\o 
\o *Info*    Run start for Point ID (8 1) on testbench [
\o           folded_cascode:Closed_Loop_TB:1 ].
\o 
\o Resetting statistical vars
\o 
\o *Info*    Setting parameter values ...
\o 
\o Setting var ISS = "130u"
\o Setting var LB_CM1 = "400n"
\o Setting var LB_CM3 = "400n"
\o Setting var LB_VB0 = "1u"
\o Setting var LB_VB2_CASC = "400n"
\o Setting var LB_VB2_CM = "1u"
\o Setting var LB_VB3_CASC = "500n"
\o Setting var LB_VB3_CM = "1u"
\o Setting var L_CM = "500n"
\o Setting var L_CS = "1u"
\o Setting var L_cascN = "500n"
\o Setting var L_cascp = "400n"
\o Setting var L_fold = "400n"
\o Setting var L_in = "500n"
\o Setting var VDD_AC = "0"
\o Setting var VDIFF_AC = "1"
\o Setting var VDIFF_DC = "0"
\o Setting var VINCM_AC = "0"
\o Setting var VINCM_DC = "1.65"
\o Setting var VIN_DC = "1.65"
\o Setting var Vb0 = "650m"
\o Setting var Vb1 = "2.54"
\o Setting var Vb2 = "1.94"
\o Setting var Vb3 = "1.35"
\o Setting var WB_CM1 = "5.9u"
\o Setting var WB_CM2 = "14.35e-6"
\o Setting var WB_CM3 = "14.35e-6"
\o Setting var WB_VB0 = "28.7u"
\o Setting var WB_VB2_CASC = "4.2u"
\o Setting var WB_VB2_CM = "1.21u"
\o Setting var WB_VB3_CASC = "27.61u"
\o Setting var WB_VB3_CM = "1.5u"
\o Setting var W_CM = "1.25u"
\o Setting var W_CS = "110u"
\o Setting var W_cascN = "10.15u"
\o Setting var W_cascp = "10u"
\o Setting var W_fold = "28.36u"
\o Setting var W_in = "60u"
\o Setting temp(T) = 27
\o 
\o *Info*    Netlist Directory =
\o           /home/cadence/simulation/folded_cascode/Folded_cascode_full_circuit/adexl/results/data/Interactive.69/1/folded_cascode:Closed_Loop_TB:1/netlist
\o 
\o 
\o *Info*    Data Directory    =
\o           /home/cadence/simulation/folded_cascode/Folded_cascode_full_circuit/adexl/results/data/Interactive.69/1/folded_cascode:Closed_Loop_TB:1
\o 
\o 
\o *Info*    Creating Netlist for Point ID (8 1)
\o 
\o generate netlist...
\o Begin Incremental Netlisting Apr 29 07:50:51 2025
\o WARNING (OSSHNL-226): There are more design variables used in the current netlisting session as
\o compared to the last session in the current run directory. The netlist(s)
\o generated in the last netlisting session cannot be reused for incremental
\o netlisting. Therefore re-netlisting the design.
\o 
\o INFO (OSSHNL-251): Mismatch found in the direction of terminal 'IB' in the placed master
\o 'folded_cascode/CM_Bias/symbol' and its corresponding terminal in the switch master 'folded_cascode/CM_Bias/schematic',
\o however, this terminal is printed in the netlist because the variable
\o simCheckTermDirectionMismatch is either set to 'ignore' or is not set.
\o 
\o End netlisting Apr 29 07:50:51 2025
\o 
\o Netlisting Statistics:
\o 	Number of components:   28
\o 
\o 	Elapsed time:          0.0s
\o Errors: 0	Warnings: 0
\o       ...successful.
\o compose simulator input file...
\o       ...successful.
\o 
\o *Info*    Running simulation on testbench [
\o           folded_cascode:Closed_Loop_TB:1 ] for Point ID (8 1).
\o 
\o Delete psf data in /home/cadence/simulation/folded_cascode/Folded_cascode_full_circuit/adexl/results/data/Interactive.69/1/folded_cascode:Closed_Loop_TB:1/psf.
\o compose simulator input file...
\o       ...successful.
\o start simulator if needed...
\o       ...successful.
\o simulate...
\o To view the simulator output, right-click on the test name, result 
\o name, or any value in the "Results" tab of the Outputs section and 
\o choose "Output Log" menu option.
\o INFO (ADE-3071): Simulation completed successfully.
\o reading simulation data...
\o       ...successful.
\o *Info*    Client has finished evaluating ... 
\o 
\o 
\o *Info*    Run complete for Point ID (8 1) on testbench [
\o           folded_cascode:Closed_Loop_TB:1 ].
\o 
\o 
\o 
\o 
\o 
\o Simulation design variables differ from those on the cellView,
\o they have been saved in the file "/tmp/saved-design-variables".
\o To save future changes, copy variables to cellView before exiting.
\o 
\o 
\o *Info*    Configuring the session ...
\o 
\o 	Library      = folded_cascode
\o 	Cell         = Folded_cascode_full_circuit
\o 	View         = schematic
\o 	Simulator    = spectre
\o 	State Path   = $AXL_SETUPDB_DIR/test_states
\o 	State Name   = folded_cascode:Folded_cascode_full_circuit:1_none_Interactive.70
\o 	Results DB   = /home/cadence/IC2_Mini_biquad/folded_cascode/Folded_cascode_full_circuit/adexl/results/data/Interactive.70.rdb
\o 	Results Dir  = /home/cadence/simulation/folded_cascode/Folded_cascode_full_circuit/adexl/results/data/Interactive.70/1/folded_cascode:Folded_cascode_full_circuit:1
\o 	Results Loc  = /home/cadence/simulation/folded_cascode/Folded_cascode_full_circuit/adexl/results/data
\o 	Project Dir  = /home/cadence/simulation
\o 	Setup DB loc = /home/cadence/IC2_Mini_biquad/folded_cascode/Folded_cascode_full_circuit/adexl
\o 	File Encoding = 0
\o 
\o 
\o *Info*    Spectre controlMode is set "batch".
\o 
\o 
\o 
\o 
\o 
\o 
\o *Info*    Run start for Point ID (9 1) on testbench [
\o           folded_cascode:Folded_cascode_full_circuit:1 ].
\o 
\o Resetting statistical vars
\o 
\o *Info*    Setting parameter values ...
\o 
\o Setting var ISS = "130u"
\o Setting var LB_CM1 = "400n"
\o Setting var LB_CM3 = "400n"
\o Setting var LB_VB0 = "1u"
\o Setting var LB_VB2_CASC = "400n"
\o Setting var LB_VB2_CM = "1u"
\o Setting var LB_VB3_CASC = "500n"
\o Setting var LB_VB3_CM = "1u"
\o Setting var L_CM = "500n"
\o Setting var L_CS = "1u"
\o Setting var L_cascN = "500n"
\o Setting var L_cascp = "400n"
\o Setting var L_fold = "400n"
\o Setting var L_in = "500n"
\o Setting var VDD_AC = "0"
\o Setting var VDIFF_AC = "1"
\o Setting var VDIFF_DC = "0"
\o Setting var VINCM_AC = "0"
\o Setting var VINCM_DC = "1.65"
\o Setting var VIN_DC = "1.65"
\o Setting var Vb0 = "650m"
\o Setting var Vb1 = "2.54"
\o Setting var Vb2 = "1.94"
\o Setting var Vb3 = "1.35"
\o Setting var WB_CM1 = "5.9u"
\o Setting var WB_CM2 = "14.35e-6"
\o Setting var WB_CM3 = "14.35e-6"
\o Setting var WB_VB0 = "28.7u"
\o Setting var WB_VB2_CASC = "4.2u"
\o Setting var WB_VB2_CM = "1.21u"
\o Setting var WB_VB3_CASC = "27.61u"
\o Setting var WB_VB3_CM = "1.5u"
\o Setting var W_CM = "1.25u"
\o Setting var W_CS = "110u"
\o Setting var W_cascN = "10.15u"
\o Setting var W_cascp = "10u"
\o Setting var W_fold = "28.36u"
\o Setting var W_in = "60u"
\o Setting temp(T) = 27
\o 
\o *Info*    Netlist Directory =
\o           /home/cadence/simulation/folded_cascode/Folded_cascode_full_circuit/adexl/results/data/Interactive.70/1/folded_cascode:Folded_cascode_full_circuit:1/netlist
\o 
\o 
\o *Info*    Data Directory    =
\o           /home/cadence/simulation/folded_cascode/Folded_cascode_full_circuit/adexl/results/data/Interactive.70/1/folded_cascode:Folded_cascode_full_circuit:1
\o 
\o 
\o *Info*    Creating Netlist for Point ID (9 1)
\o 
\o generate netlist...
\o Begin Incremental Netlisting Apr 29 07:55:01 2025
\o End netlisting Apr 29 07:55:01 2025
\o 
\o 	The netlist is up to date.
\o 	Time taken to compare the design with netlist:   0.0s
\o       ...successful.
\o compose simulator input file...
\o       ...successful.
\o 
\o *Info*    Running simulation on testbench [
\o           folded_cascode:Folded_cascode_full_circuit:1 ] for Point ID
\o           (9 1).
\o 
\o Delete psf data in /home/cadence/simulation/folded_cascode/Folded_cascode_full_circuit/adexl/results/data/Interactive.70/1/folded_cascode:Folded_cascode_full_circuit:1/psf.
\o compose simulator input file...
\o       ...successful.
\o start simulator if needed...
\o       ...successful.
\o simulate...
\o To view the simulator output, right-click on the test name, result 
\o name, or any value in the "Results" tab of the Outputs section and 
\o choose "Output Log" menu option.
\o INFO (ADE-3071): Simulation completed successfully.
\o reading simulation data...
\o       ...successful.
\o *Info*    Client has finished evaluating ... 
\o 
\o 
\o *Info*    Run complete for Point ID (9 1) on testbench [
\o           folded_cascode:Folded_cascode_full_circuit:1 ].
\o 
\o 
\o 
\o 
\o 
\o Simulation design variables differ from those on the cellView,
\o they have been saved in the file "/tmp/saved-design-variables".
\o To save future changes, copy variables to cellView before exiting.
\o 
\o 
\o *Info*    Configuring the session ...
\o 
\o 	Library      = folded_cascode
\o 	Cell         = Closed_Loop_TB
\o 	View         = schematic
\o 	Simulator    = spectre
\o 	State Path   = $AXL_SETUPDB_DIR/test_states
\o 	State Name   = folded_cascode:Closed_Loop_TB:1_none_Interactive.70
\o 	Results DB   = /home/cadence/IC2_Mini_biquad/folded_cascode/Folded_cascode_full_circuit/adexl/results/data/Interactive.70.rdb
\o 	Results Dir  = /home/cadence/simulation/folded_cascode/Folded_cascode_full_circuit/adexl/results/data/Interactive.70/1/folded_cascode:Closed_Loop_TB:1
\o 	Results Loc  = /home/cadence/simulation/folded_cascode/Folded_cascode_full_circuit/adexl/results/data
\o 	Project Dir  = /home/cadence/simulation
\o 	Setup DB loc = /home/cadence/IC2_Mini_biquad/folded_cascode/Folded_cascode_full_circuit/adexl
\o 	File Encoding = 0
\o 
\o 
\o *Info*    Spectre controlMode is set "batch".
\o 
\o 
\o 
\o 
\o 
\o 
\o *Info*    Run start for Point ID (9 1) on testbench [
\o           folded_cascode:Closed_Loop_TB:1 ].
\o 
\o Resetting statistical vars
\o 
\o *Info*    Setting parameter values ...
\o 
\o Setting var ISS = "130u"
\o Setting var LB_CM1 = "400n"
\o Setting var LB_CM3 = "400n"
\o Setting var LB_VB0 = "1u"
\o Setting var LB_VB2_CASC = "400n"
\o Setting var LB_VB2_CM = "1u"
\o Setting var LB_VB3_CASC = "500n"
\o Setting var LB_VB3_CM = "1u"
\o Setting var L_CM = "500n"
\o Setting var L_CS = "1u"
\o Setting var L_cascN = "500n"
\o Setting var L_cascp = "400n"
\o Setting var L_fold = "400n"
\o Setting var L_in = "500n"
\o Setting var VDD_AC = "0"
\o Setting var VDIFF_AC = "1"
\o Setting var VDIFF_DC = "0"
\o Setting var VINCM_AC = "0"
\o Setting var VINCM_DC = "1.65"
\o Setting var VIN_DC = "1.65"
\o Setting var Vb0 = "650m"
\o Setting var Vb1 = "2.54"
\o Setting var Vb2 = "1.94"
\o Setting var Vb3 = "1.35"
\o Setting var WB_CM1 = "5.9u"
\o Setting var WB_CM2 = "14.35e-6"
\o Setting var WB_CM3 = "14.35e-6"
\o Setting var WB_VB0 = "28.7u"
\o Setting var WB_VB2_CASC = "4.2u"
\o Setting var WB_VB2_CM = "1.21u"
\o Setting var WB_VB3_CASC = "27.61u"
\o Setting var WB_VB3_CM = "1.5u"
\o Setting var W_CM = "1.25u"
\o Setting var W_CS = "110u"
\o Setting var W_cascN = "10.15u"
\o Setting var W_cascp = "10u"
\o Setting var W_fold = "28.36u"
\o Setting var W_in = "60u"
\o Setting temp(T) = 27
\o 
\o *Info*    Netlist Directory =
\o           /home/cadence/simulation/folded_cascode/Folded_cascode_full_circuit/adexl/results/data/Interactive.70/1/folded_cascode:Closed_Loop_TB:1/netlist
\o 
\o 
\o *Info*    Data Directory    =
\o           /home/cadence/simulation/folded_cascode/Folded_cascode_full_circuit/adexl/results/data/Interactive.70/1/folded_cascode:Closed_Loop_TB:1
\o 
\o 
\o *Info*    Creating Netlist for Point ID (9 1)
\o 
\o generate netlist...
\o Begin Incremental Netlisting Apr 29 07:55:09 2025
\o End netlisting Apr 29 07:55:09 2025
\o 
\o Netlisting Statistics:
\o 	Number of components:    6
\o 
\o 	Elapsed time:          1.0s (6.00/s)
\o Errors: 0	Warnings: 0
\o       ...successful.
\o compose simulator input file...
\o       ...successful.
\o 
\o *Info*    Running simulation on testbench [
\o           folded_cascode:Closed_Loop_TB:1 ] for Point ID (9 1).
\o 
\o Delete psf data in /home/cadence/simulation/folded_cascode/Folded_cascode_full_circuit/adexl/results/data/Interactive.70/1/folded_cascode:Closed_Loop_TB:1/psf.
\o compose simulator input file...
\o       ...successful.
\o start simulator if needed...
\o       ...successful.
\o simulate...
\o To view the simulator output, right-click on the test name, result 
\o name, or any value in the "Results" tab of the Outputs section and 
\o choose "Output Log" menu option.
\o INFO (ADE-3071): Simulation completed successfully.
\o reading simulation data...
\o       ...successful.
\o *Info*    Client has finished evaluating ... 
\o 
\o 
\o *Info*    Run complete for Point ID (9 1) on testbench [
\o           folded_cascode:Closed_Loop_TB:1 ].
\o 
\o 
\o 
\o 
\o 
\o Job 17 timed out after no activity in 300 seconds.
\o Simulation design variables differ from those on the cellView,
\o they have been saved in the file "/tmp/saved-design-variables".
\o To save future changes, copy variables to cellView before exiting.
\p > 
