*Info*    Exporting services from client ... 

*Info*    Client has finished starting ... 



*Info*    Configuring the session ...

	Library      = folded_cascode
	Cell         = Folded_cascode_full_circuit
	View         = schematic
	Simulator    = spectre
	State Path   = $AXL_SETUPDB_DIR/test_states
	State Name   = folded_cascode:Folded_cascode_full_circuit:1_none_Interactive.84
	Results DB   = /home/cadence/IC2_Folded_biquad/IC2_Folded_biquad/folded_cascode/Folded_cascode_full_circuit/adexl/results/data/Interactive.84.rdb
	Results Dir  = /home/cadence/simulation/folded_cascode/Folded_cascode_full_circuit/adexl/results/data/Interactive.84/1/folded_cascode:Folded_cascode_full_circuit:1
	Results Loc  = /home/cadence/simulation/folded_cascode/Folded_cascode_full_circuit/adexl/results/data
	Project Dir  = /home/cadence/simulation
	Setup DB loc = /home/cadence/IC2_Folded_biquad/IC2_Folded_biquad/folded_cascode/Folded_cascode_full_circuit/adexl
	File Encoding = 0


*Info*    Spectre controlMode is set "batch".






*Info*    Run start for Point ID (1 1) on testbench [
          folded_cascode:Folded_cascode_full_circuit:1 ].

Resetting statistical vars

*Info*    Setting parameter values ...

Setting var ISS = "130u"
Setting var LB_CM1 = "400n"
Setting var LB_CM3 = "400n"
Setting var LB_VB0 = "1u"
Setting var LB_VB2_CASC = "400n"
Setting var LB_VB2_CM = "1u"
Setting var LB_VB3_CASC = "500n"
Setting var LB_VB3_CM = "1u"
Setting var L_CM = "500n"
Setting var L_CS = "1u"
Setting var L_cascN = "500n"
Setting var L_cascp = "400n"
Setting var L_fold = "400n"
Setting var L_in = "500n"
Setting var VDD_AC = "0"
Setting var VDIFF_AC = "1"
Setting var VDIFF_DC = "0"
Setting var VINCM_AC = "0"
Setting var VINCM_DC = "1.65"
Setting var VIN_DC = "1.65"
Setting var Vb0 = "650m"
Setting var Vb1 = "2.54"
Setting var Vb2 = "1.94"
Setting var Vb3 = "1.35"
Setting var WB_CM1 = "5.9u"
Setting var WB_CM2 = "14.35e-6"
Setting var WB_CM3 = "7.175e-6"
Setting var WB_VB0 = "28.7u"
Setting var WB_VB2_CASC = "4.2u"
Setting var WB_VB2_CM = "1.21u"
Setting var WB_VB3_CASC = "13.805e-6"
Setting var WB_VB3_CM = "740n"
Setting var W_CM = "1.25u"
Setting var W_CS = "110u"
Setting var W_cascN = "10.15u"
Setting var W_cascp = "10u"
Setting var W_fold = "28.36u"
Setting var W_in = "60u"
Setting temp(T) = 27

*Info*    Netlist Directory =
          /home/cadence/simulation/folded_cascode/Folded_cascode_full_circuit/adexl/results/data/Interactive.84/1/folded_cascode:Folded_cascode_full_circuit:1/netlist


*Info*    Data Directory    =
          /home/cadence/simulation/folded_cascode/Folded_cascode_full_circuit/adexl/results/data/Interactive.84/1/folded_cascode:Folded_cascode_full_circuit:1


*Info*    Creating Netlist for Point ID (1 1)

generate netlist...
Begin Incremental Netlisting May  3 17:00:57 2025
ERROR (OSSHNL-109): The cellview 'folded_cascode/Folded_cascode_full_circuit/schematic' has been modified since the last extraction. Validate
that the schematic is correct and run Check and Save to correct this error.

End netlisting May  3 17:00:57 2025
ERROR (OSSHNL-514): Netlist generation failed because of the errors reported above. The netlist might not have been generated at all, or the generated netlist could be corrupt. Fix the reported errors and regenerate the netlist.
      ...unsuccessful.

*Error*   Error ID  = 5012
*Error*   Error Msg = Failed to create netlist.









*Info*    Run start for Point ID (1 1) on testbench [
          folded_cascode:Folded_cascode_full_circuit:1 ].

Resetting statistical vars

*Info*    Setting parameter values ...

Setting var ISS = "130u"
Setting var LB_CM1 = "400n"
Setting var LB_CM3 = "400n"
Setting var LB_VB0 = "1u"
Setting var LB_VB2_CASC = "400n"
Setting var LB_VB2_CM = "1u"
Setting var LB_VB3_CASC = "500n"
Setting var LB_VB3_CM = "1u"
Setting var L_CM = "500n"
Setting var L_CS = "1u"
Setting var L_cascN = "500n"
Setting var L_cascp = "400n"
Setting var L_fold = "400n"
Setting var L_in = "500n"
Setting var VDD_AC = "0"
Setting var VDIFF_AC = "1"
Setting var VDIFF_DC = "0"
Setting var VINCM_AC = "0"
Setting var VINCM_DC = "1.65"
Setting var VIN_DC = "1.65"
Setting var Vb0 = "650m"
Setting var Vb1 = "2.54"
Setting var Vb2 = "1.94"
Setting var Vb3 = "1.35"
Setting var WB_CM1 = "5.9u"
Setting var WB_CM2 = "14.35e-6"
Setting var WB_CM3 = "7.175e-6"
Setting var WB_VB0 = "28.7u"
Setting var WB_VB2_CASC = "4.2u"
Setting var WB_VB2_CM = "1.21u"
Setting var WB_VB3_CASC = "13.805e-6"
Setting var WB_VB3_CM = "740n"
Setting var W_CM = "1.25u"
Setting var W_CS = "110u"
Setting var W_cascN = "10.15u"
Setting var W_cascp = "10u"
Setting var W_fold = "28.36u"
Setting var W_in = "60u"
Setting temp(T) = 27

*Info*    Netlist Directory =
          /home/cadence/simulation/folded_cascode/Folded_cascode_full_circuit/adexl/results/data/Interactive.84/1/folded_cascode:Folded_cascode_full_circuit:1/netlist


*Info*    Data Directory    =
          /home/cadence/simulation/folded_cascode/Folded_cascode_full_circuit/adexl/results/data/Interactive.84/1/folded_cascode:Folded_cascode_full_circuit:1


*Info*    Creating Netlist for Point ID (1 1)

generate netlist...
Begin Incremental Netlisting May  3 17:00:57 2025
ERROR (OSSHNL-109): The cellview 'folded_cascode/Folded_cascode_full_circuit/schematic' has been modified since the last extraction. Validate
that the schematic is correct and run Check and Save to correct this error.

End netlisting May  3 17:00:57 2025
ERROR (OSSHNL-514): Netlist generation failed because of the errors reported above. The netlist might not have been generated at all, or the generated netlist could be corrupt. Fix the reported errors and regenerate the netlist.
      ...unsuccessful.

*Error*   Error ID  = 5012
*Error*   Error Msg = Failed to create netlist.




Simulation design variables differ from those on the cellView,
they have been saved in the file "/tmp/saved-design-variables".
To save future changes, copy variables to cellView before exiting.
