*Info*    Exporting services from client ... 

*Info*    Client has finished starting ... 



*Info*    Configuring the session ...

	Library      = folded_cascode
	Cell         = Closed_Loop_TB
	View         = schematic
	Simulator    = spectre
	State Path   = $AXL_SETUPDB_DIR/test_states
	State Name   = folded_cascode:Closed_Loop_TB:1_none_Interactive.27
	Results DB   = /home/cadence/IC2_Mini_biquad/folded_cascode/Folded_cascode_full_circuit/adexl/results/data/Interactive.27.rdb
	Results Dir  = /home/cadence/simulation/folded_cascode/Folded_cascode_full_circuit/adexl/results/data/Interactive.27/1/folded_cascode:Closed_Loop_TB:1
	Results Loc  = /home/cadence/simulation/folded_cascode/Folded_cascode_full_circuit/adexl/results/data
	Project Dir  = /home/cadence/simulation
	Setup DB loc = /home/cadence/IC2_Mini_biquad/folded_cascode/Folded_cascode_full_circuit/adexl
	File Encoding = 0


*Info*    Spectre controlMode is set "batch".






*Info*    Run start for Point ID (27 1) on testbench [
          folded_cascode:Closed_Loop_TB:1 ].

Resetting statistical vars

*Info*    Setting parameter values ...

Setting var ISS = "130u"
Setting var L_CM = "500n"
Setting var L_cascN = "500n"
Setting var L_cascp = "400n"
Setting var L_fold = "400n"
Setting var L_in = "500n"
Setting var V = ""
Setting var VDD_AC = "0"
Setting var VDIFF_AC = "1"
Setting var VDIFF_DC = "0"
Setting var VINCM_AC = "0"
Setting var VINCM_DC = "1.65"
Setting var VIN_DC = "1.65"
Setting var Vb1 = "2.54"
Setting var Vb2 = "1.94"
Setting var Vb3 = "1.35"
Setting var W_CM = "1.25u"
Setting var W_cascN = "10.15u"
Setting var W_cascp = "10u"
Setting var W_fold = "28.36u"
Setting var W_in = "45u"
Setting var s = ""
Setting temp(T) = 27

*Info*    Netlist Directory =
          /home/cadence/simulation/folded_cascode/Folded_cascode_full_circuit/adexl/results/data/Interactive.27/1/folded_cascode:Closed_Loop_TB:1/netlist


*Info*    Data Directory    =
          /home/cadence/simulation/folded_cascode/Folded_cascode_full_circuit/adexl/results/data/Interactive.27/1/folded_cascode:Closed_Loop_TB:1


*Info*    Creating Netlist for Point ID (27 1)

generate netlist...
Begin Incremental Netlisting Apr 25 16:15:37 2025
End netlisting Apr 25 16:15:37 2025

Netlisting Statistics:
	Number of components:    6

	Elapsed time:          1.0s (6.00/s)
Errors: 0	Warnings: 0
*Warning*	Additional design variables have been found during netlisting.
 		A value is necessary for successful simulation.
		To simulate, assign values to all design variables with 
		the Variables->Edit... menu, and use "Netlist and Run".
      ...successful.
compose simulator input file...
      ...successful.

*Info*    Running simulation on testbench [
          folded_cascode:Closed_Loop_TB:1 ] for Point ID (27 1).

Delete psf data in /home/cadence/simulation/folded_cascode/Folded_cascode_full_circuit/adexl/results/data/Interactive.27/1/folded_cascode:Closed_Loop_TB:1/psf.
compose simulator input file...
      ...successful.
start simulator if needed...
      ...successful.
simulate...
To view the simulator output, right-click on the test name, result 
name, or any value in the "Results" tab of the Outputs section and 
choose "Output Log" menu option.
INFO (ADE-3071): Simulation completed successfully.
reading simulation data...
      ...successful.
*Info*    Client has finished evaluating ... 


*Info*    Run complete for Point ID (27 1) on testbench [
          folded_cascode:Closed_Loop_TB:1 ].





Simulation design variables differ from those on the cellView,
they have been saved in the file "/tmp/saved-design-variables".
To save future changes, copy variables to cellView before exiting.
