*Info*    Exporting services from client ... 

*Info*    Client has finished starting ... 



*Info*    Configuring the session ...

	Library      = folded_cascode
	Cell         = Folded_cascode_full_circuit
	View         = schematic
	Simulator    = spectre
	State Path   = $AXL_SETUPDB_DIR/test_states
	State Name   = folded_cascode:Folded_cascode_full_circuit:1_none_Interactive.32
	Results DB   = /home/cadence/IC2_Mini_biquad/folded_cascode/Folded_cascode_full_circuit/adexl/results/data/Interactive.32.rdb
	Results Dir  = /home/cadence/simulation/folded_cascode/Folded_cascode_full_circuit/adexl/results/data/Interactive.32/1/folded_cascode:Folded_cascode_full_circuit:1
	Results Loc  = /home/cadence/simulation/folded_cascode/Folded_cascode_full_circuit/adexl/results/data
	Project Dir  = /home/cadence/simulation
	Setup DB loc = /home/cadence/IC2_Mini_biquad/folded_cascode/Folded_cascode_full_circuit/adexl
	File Encoding = 0


*Info*    Spectre controlMode is set "batch".






*Info*    Run start for Point ID (3 1) on testbench [
          folded_cascode:Folded_cascode_full_circuit:1 ].

Resetting statistical vars

*Info*    Setting parameter values ...

Setting var ISS = "130u"
Setting var L_CM = "500n"
Setting var L_CS = "1u"
Setting var L_cascN = "500n"
Setting var L_cascp = "400n"
Setting var L_fold = "400n"
Setting var L_in = "500n"
Setting var VDD_AC = "0"
Setting var VDIFF_AC = "1"
Setting var VDIFF_DC = "0"
Setting var VINCM_AC = "0"
Setting var VINCM_DC = "1.65"
Setting var VIN_DC = "1.65"
Setting var Vb0 = "650m"
Setting var Vb1 = "2.54"
Setting var Vb2 = "1.94"
Setting var Vb3 = "1.35"
Setting var W_CM = "1.25u"
Setting var W_CS = "123u"
Setting var W_cascN = "10.15u"
Setting var W_cascp = "10u"
Setting var W_fold = "28.36u"
Setting var W_in = "45u"
Setting temp(T) = 27

*Info*    Netlist Directory =
          /home/cadence/simulation/folded_cascode/Folded_cascode_full_circuit/adexl/results/data/Interactive.32/1/folded_cascode:Folded_cascode_full_circuit:1/netlist


*Info*    Data Directory    =
          /home/cadence/simulation/folded_cascode/Folded_cascode_full_circuit/adexl/results/data/Interactive.32/1/folded_cascode:Folded_cascode_full_circuit:1


*Info*    Creating Netlist for Point ID (3 1)

generate netlist...
Begin Incremental Netlisting Apr 26 06:20:51 2025
End netlisting Apr 26 06:20:51 2025

	The netlist is up to date.
	Time taken to compare the design with netlist:   0.0s
      ...successful.
compose simulator input file...
      ...successful.

*Info*    Running simulation on testbench [
          folded_cascode:Folded_cascode_full_circuit:1 ] for Point ID
          (3 1).

Delete psf data in /home/cadence/simulation/folded_cascode/Folded_cascode_full_circuit/adexl/results/data/Interactive.32/1/folded_cascode:Folded_cascode_full_circuit:1/psf.
compose simulator input file...
      ...successful.
start simulator if needed...
      ...successful.
simulate...
To view the simulator output, right-click on the test name, result 
name, or any value in the "Results" tab of the Outputs section and 
choose "Output Log" menu option.
INFO (ADE-3071): Simulation completed successfully.
reading simulation data...
      ...successful.
*Info*    Client has finished evaluating ... 

WARNING (OCN-6038): Results dc are not available for /home/cadence/simulation/folded_cascode/Folded_cascode_full_circuit/adexl/results/data/Interactive.32/1/folded_cascode:Folded_cascode_full_circuit:1. Use results() for a list of available results.
WARNING (OCN-6038): Results dc are not available for /home/cadence/simulation/folded_cascode/Folded_cascode_full_circuit/adexl/results/data/Interactive.32/1/folded_cascode:Folded_cascode_full_circuit:1. Use results() for a list of available results.
WARNING (OCN-6038): Results dc are not available for /home/cadence/simulation/folded_cascode/Folded_cascode_full_circuit/adexl/results/data/Interactive.32/1/folded_cascode:Folded_cascode_full_circuit:1. Use results() for a list of available results.
WARNING (OCN-6038): Results dc are not available for /home/cadence/simulation/folded_cascode/Folded_cascode_full_circuit/adexl/results/data/Interactive.32/1/folded_cascode:Folded_cascode_full_circuit:1. Use results() for a list of available results.
ERROR (ADEXL-2709): Evaluation of output 'waveVsWave(?x v("/net1" ?result "dc") ?y dB20(deriv(v("/net1" ?result "dc"))))' returned 'nil' for point:'1' test:'folded_cascode:Folded_cascode_full_circuit:1'
	Expression:'waveVsWave(?x v("/net1" ?result "dc") ?y dB20(deriv(v("/net1" ?result "dc"))))'.
Ensure that the definition of output is correct.


*Info*    Run complete for Point ID (3 1) on testbench [
          folded_cascode:Folded_cascode_full_circuit:1 ].





Simulation design variables differ from those on the cellView,
they have been saved in the file "/tmp/saved-design-variables".
To save future changes, copy variables to cellView before exiting.
